Started at Sat Aug 03 02:16:35 UTC 2024
Processing pipeline_00_manager
Offering pipeline_00_manager to Project Build Discarder
pipeline_00_manager accepted by Project Build Discarder
Processing pipeline_01_spellcheck
Offering pipeline_01_spellcheck to Project Build Discarder
pipeline_01_spellcheck accepted by Project Build Discarder
Processing pipeline_02_code_shell_check
Offering pipeline_02_code_shell_check to Project Build Discarder
pipeline_02_code_shell_check accepted by Project Build Discarder
Processing pipeline_03_tests
Offering pipeline_03_tests to Project Build Discarder
pipeline_03_tests accepted by Project Build Discarder
Processing pipeline_04_build
Offering pipeline_04_build to Project Build Discarder
pipeline_04_build accepted by Project Build Discarder
Processing push_image_docker_hub
Offering push_image_docker_hub to Project Build Discarder
Finished at Sat Aug 03 02:16:35 UTC 2024. 23ms
Started at Sat Aug 03 03:16:35 UTC 2024
Processing pipeline_00_manager
Offering pipeline_00_manager to Project Build Discarder
pipeline_00_manager accepted by Project Build Discarder
Processing pipeline_01_spellcheck
Offering pipeline_01_spellcheck to Project Build Discarder
pipeline_01_spellcheck accepted by Project Build Discarder
Processing pipeline_02_code_shell_check
Offering pipeline_02_code_shell_check to Project Build Discarder
pipeline_02_code_shell_check accepted by Project Build Discarder
Processing pipeline_03_tests
Offering pipeline_03_tests to Project Build Discarder
pipeline_03_tests accepted by Project Build Discarder
Processing pipeline_04_build
Offering pipeline_04_build to Project Build Discarder
pipeline_04_build accepted by Project Build Discarder
Processing push_image_docker_hub
Offering push_image_docker_hub to Project Build Discarder
Finished at Sat Aug 03 03:16:35 UTC 2024. 30ms
Started at Sat Aug 03 04:16:35 UTC 2024
Processing pipeline_00_manager
Offering pipeline_00_manager to Project Build Discarder
pipeline_00_manager accepted by Project Build Discarder
Processing pipeline_01_spellcheck
Offering pipeline_01_spellcheck to Project Build Discarder
pipeline_01_spellcheck accepted by Project Build Discarder
Processing pipeline_02_code_shell_check
Offering pipeline_02_code_shell_check to Project Build Discarder
pipeline_02_code_shell_check accepted by Project Build Discarder
Processing pipeline_03_tests
Offering pipeline_03_tests to Project Build Discarder
pipeline_03_tests accepted by Project Build Discarder
Processing pipeline_04_build
Offering pipeline_04_build to Project Build Discarder
pipeline_04_build accepted by Project Build Discarder
Processing push_image_docker_hub
Offering push_image_docker_hub to Project Build Discarder
Finished at Sat Aug 03 04:16:35 UTC 2024. 12ms
Started at Sat Aug 03 05:16:36 UTC 2024
Processing pipeline_00_manager
Offering pipeline_00_manager to Project Build Discarder
pipeline_00_manager accepted by Project Build Discarder
Processing pipeline_01_spellcheck
Offering pipeline_01_spellcheck to Project Build Discarder
pipeline_01_spellcheck accepted by Project Build Discarder
Processing pipeline_02_code_shell_check
Offering pipeline_02_code_shell_check to Project Build Discarder
pipeline_02_code_shell_check accepted by Project Build Discarder
Processing pipeline_03_tests
Offering pipeline_03_tests to Project Build Discarder
pipeline_03_tests accepted by Project Build Discarder
Processing pipeline_04_build
Offering pipeline_04_build to Project Build Discarder
pipeline_04_build accepted by Project Build Discarder
Processing push_image_docker_hub
Offering push_image_docker_hub to Project Build Discarder
Finished at Sat Aug 03 05:16:36 UTC 2024. 12ms
Started at Sat Aug 03 06:16:36 UTC 2024
Processing pipeline_00_manager
Offering pipeline_00_manager to Project Build Discarder
pipeline_00_manager accepted by Project Build Discarder
Processing pipeline_01_spellcheck
Offering pipeline_01_spellcheck to Project Build Discarder
pipeline_01_spellcheck accepted by Project Build Discarder
Processing pipeline_02_code_shell_check
Offering pipeline_02_code_shell_check to Project Build Discarder
pipeline_02_code_shell_check accepted by Project Build Discarder
Processing pipeline_03_tests
Offering pipeline_03_tests to Project Build Discarder
pipeline_03_tests accepted by Project Build Discarder
Processing pipeline_04_build
Offering pipeline_04_build to Project Build Discarder
pipeline_04_build accepted by Project Build Discarder
Processing push_image_docker_hub
Offering push_image_docker_hub to Project Build Discarder
Finished at Sat Aug 03 06:16:36 UTC 2024. 22ms
Started at Sat Aug 03 07:16:35 UTC 2024
Processing pipeline_00_manager
Offering pipeline_00_manager to Project Build Discarder
pipeline_00_manager accepted by Project Build Discarder
Processing pipeline_01_spellcheck
Offering pipeline_01_spellcheck to Project Build Discarder
pipeline_01_spellcheck accepted by Project Build Discarder
Processing pipeline_02_code_shell_check
Offering pipeline_02_code_shell_check to Project Build Discarder
pipeline_02_code_shell_check accepted by Project Build Discarder
Processing pipeline_03_tests
Offering pipeline_03_tests to Project Build Discarder
pipeline_03_tests accepted by Project Build Discarder
Processing pipeline_04_build
Offering pipeline_04_build to Project Build Discarder
pipeline_04_build accepted by Project Build Discarder
Processing push_image_docker_hub
Offering push_image_docker_hub to Project Build Discarder
Finished at Sat Aug 03 07:16:35 UTC 2024. 20ms
Started at Sat Aug 03 08:16:36 UTC 2024
Processing pipeline_00_manager
Offering pipeline_00_manager to Project Build Discarder
pipeline_00_manager accepted by Project Build Discarder
Processing pipeline_01_spellcheck
Offering pipeline_01_spellcheck to Project Build Discarder
pipeline_01_spellcheck accepted by Project Build Discarder
Processing pipeline_02_code_shell_check
Offering pipeline_02_code_shell_check to Project Build Discarder
pipeline_02_code_shell_check accepted by Project Build Discarder
Processing pipeline_03_tests
Offering pipeline_03_tests to Project Build Discarder
pipeline_03_tests accepted by Project Build Discarder
Processing pipeline_04_build
Offering pipeline_04_build to Project Build Discarder
pipeline_04_build accepted by Project Build Discarder
Processing push_image_docker_hub
Offering push_image_docker_hub to Project Build Discarder
Finished at Sat Aug 03 08:16:36 UTC 2024. 18ms
Started at Sat Aug 03 09:16:36 UTC 2024
Processing pipeline_00_manager
Offering pipeline_00_manager to Project Build Discarder
pipeline_00_manager accepted by Project Build Discarder
Processing pipeline_01_spellcheck
Offering pipeline_01_spellcheck to Project Build Discarder
pipeline_01_spellcheck accepted by Project Build Discarder
Processing pipeline_02_code_shell_check
Offering pipeline_02_code_shell_check to Project Build Discarder
pipeline_02_code_shell_check accepted by Project Build Discarder
Processing pipeline_03_tests
Offering pipeline_03_tests to Project Build Discarder
pipeline_03_tests accepted by Project Build Discarder
Processing pipeline_04_build
Offering pipeline_04_build to Project Build Discarder
pipeline_04_build accepted by Project Build Discarder
Processing push_image_docker_hub
Offering push_image_docker_hub to Project Build Discarder
Finished at Sat Aug 03 09:16:36 UTC 2024. 11ms
